<?xml version="1.0" encoding="UTF-8"?>
<testng-results skipped="0" failed="0" total="1" passed="1">
  <reporter-output>
  </reporter-output>
  <suite name="Suite" duration-ms="57580" started-at="2017-01-17T12:50:26Z" finished-at="2017-01-17T12:51:24Z">
    <groups>
    </groups>
    <test name="PortalTests" duration-ms="57561" started-at="2017-01-17T12:50:26Z" finished-at="2017-01-17T12:51:24Z">
      <class name="com.gateway.tests.HappyPathPortalTests">
        <test-method status="PASS" signature="beforeMethod(java.lang.reflect.Method, java.lang.String)[pri:0, instance:com.gateway.tests.HappyPathPortalTests@44eedabc]" name="beforeMethod" is-config="true" duration-ms="22272" started-at="2017-01-17T18:20:26Z" finished-at="2017-01-17T18:20:49Z">
          <params>
            <param index="0">
              <value>
                <![CDATA[public void com.gateway.tests.HappyPathPortalTests.SubscribePlan() throws java.lang.InterruptedException]]>
              </value>
            </param>
            <param index="1">
              <value>
                <![CDATA[https://stage-apiportal.wavemakeronline.com/login]]>
              </value>
            </param>
          </params>
          <reporter-output>
          </reporter-output>
        </test-method> <!-- beforeMethod -->
        <test-method status="PASS" signature="SubscribePlan()[pri:0, instance:com.gateway.tests.HappyPathPortalTests@44eedabc]" name="SubscribePlan" duration-ms="34113" started-at="2017-01-17T18:20:49Z" finished-at="2017-01-17T18:21:23Z">
          <reporter-output>
          </reporter-output>
        </test-method> <!-- SubscribePlan -->
        <test-method status="PASS" signature="afterMethod()[pri:0, instance:com.gateway.tests.HappyPathPortalTests@44eedabc]" name="afterMethod" is-config="true" duration-ms="1115" started-at="2017-01-17T18:21:23Z" finished-at="2017-01-17T18:21:24Z">
          <reporter-output>
          </reporter-output>
        </test-method> <!-- afterMethod -->
      </class> <!-- com.gateway.tests.HappyPathPortalTests -->
    </test> <!-- PortalTests -->
    <test name="LaunchPadTests" duration-ms="3" started-at="2017-01-17T12:51:24Z" finished-at="2017-01-17T12:51:24Z">
      <class name="com.gateway.tests.HappyPathTests">
        <test-method status="PASS" signature="afterSuite()[pri:0, instance:com.gateway.tests.HappyPathTests@1e628999]" name="afterSuite" is-config="true" duration-ms="1" started-at="2017-01-17T18:21:24Z" finished-at="2017-01-17T18:21:24Z">
          <reporter-output>
          </reporter-output>
        </test-method> <!-- afterSuite -->
      </class> <!-- com.gateway.tests.HappyPathTests -->
    </test> <!-- LaunchPadTests -->
  </suite> <!-- Suite -->
</testng-results>
