<?xml version="1.0" encoding="UTF-8"?>
<testng-results skipped="0" failed="0" total="1" passed="1">
  <reporter-output>
  </reporter-output>
  <suite name="Suite" duration-ms="101166" started-at="2017-02-07T06:19:06Z" finished-at="2017-02-07T06:20:47Z">
    <groups>
    </groups>
    <test name="LaunchPadTests" duration-ms="101166" started-at="2017-02-07T06:19:06Z" finished-at="2017-02-07T06:20:47Z">
      <class name="com.gateway.tests.HappyPathTests">
        <test-method status="PASS" signature="beforeMethod(java.lang.reflect.Method, java.lang.String, java.lang.String)[pri:0, instance:com.gateway.tests.HappyPathTests@4f18648b]" name="beforeMethod" is-config="true" duration-ms="21125" started-at="2017-02-07T11:49:06Z" finished-at="2017-02-07T11:49:27Z">
          <params>
            <param index="0">
              <value>
                <![CDATA[public void com.gateway.tests.HappyPathTests.packageCreation() throws java.lang.InterruptedException]]>
              </value>
            </param>
            <param index="1">
              <value>
                <![CDATA[https://stage-gw.wavemakeronline.com/gateway]]>
              </value>
            </param>
            <param index="2">
              <value>
                <![CDATA[Chrome]]>
              </value>
            </param>
          </params>
          <reporter-output>
          </reporter-output>
        </test-method> <!-- beforeMethod -->
        <test-method status="PASS" signature="packageCreation()[pri:0, instance:com.gateway.tests.HappyPathTests@4f18648b]" name="packageCreation" duration-ms="77833" started-at="2017-02-07T11:49:27Z" finished-at="2017-02-07T11:50:45Z">
          <reporter-output>
          </reporter-output>
        </test-method> <!-- packageCreation -->
        <test-method status="PASS" signature="afterMethod()[pri:0, instance:com.gateway.tests.HappyPathTests@4f18648b]" name="afterMethod" is-config="true" duration-ms="2191" started-at="2017-02-07T11:50:45Z" finished-at="2017-02-07T11:50:47Z">
          <reporter-output>
          </reporter-output>
        </test-method> <!-- afterMethod -->
        <test-method status="PASS" signature="afterSuite()[pri:0, instance:com.gateway.tests.HappyPathTests@4f18648b]" name="afterSuite" is-config="true" duration-ms="0" started-at="2017-02-07T11:50:47Z" finished-at="2017-02-07T11:50:47Z">
          <reporter-output>
          </reporter-output>
        </test-method> <!-- afterSuite -->
      </class> <!-- com.gateway.tests.HappyPathTests -->
    </test> <!-- LaunchPadTests -->
  </suite> <!-- Suite -->
</testng-results>
